Using pre-set license
Built from '2022.1/staging' branch; Version is '2022.1.20f1 (01d83b40d570) revision 120891'; Using compiler version '192829333'; Build Type 'Release'
OS: 'Windows 11  (10.0.22621) 64bit CoreCountrySpecific' Language: 'zh' Physical Memory: 16236 MB
BatchMode: 1, IsHumanControllingUs: 0, StartBugReporterOnCrash: 0, Is64bit: 1, IsPro: 1

COMMAND LINE ARGUMENTS:
E:\Unity\2022.1.20f1\Editor\Unity.exe
-adb2
-batchMode
-noUpm
-name
AssetImportWorker4
-projectPath
E:/GitProject/Journey-to-Wellness/Journey to Wellness
-logFile
Logs/AssetImportWorker4.log
-srvPort
58625
Successfully changed project path to: E:/GitProject/Journey-to-Wellness/Journey to Wellness
E:/GitProject/Journey-to-Wellness/Journey to Wellness
[UnityMemory] Configuration Parameters - Can be set up in boot.config
    "memorysetup-bucket-allocator-granularity=16"
    "memorysetup-bucket-allocator-bucket-count=8"
    "memorysetup-bucket-allocator-block-size=33554432"
    "memorysetup-bucket-allocator-block-count=8"
    "memorysetup-main-allocator-block-size=16777216"
    "memorysetup-thread-allocator-block-size=16777216"
    "memorysetup-gfx-main-allocator-block-size=16777216"
    "memorysetup-gfx-thread-allocator-block-size=16777216"
    "memorysetup-cache-allocator-block-size=4194304"
    "memorysetup-typetree-allocator-block-size=2097152"
    "memorysetup-profiler-bucket-allocator-granularity=16"
    "memorysetup-profiler-bucket-allocator-bucket-count=8"
    "memorysetup-profiler-bucket-allocator-block-size=33554432"
    "memorysetup-profiler-bucket-allocator-block-count=8"
    "memorysetup-profiler-allocator-block-size=16777216"
    "memorysetup-profiler-editor-allocator-block-size=1048576"
    "memorysetup-temp-allocator-size-main=16777216"
    "memorysetup-job-temp-allocator-block-size=2097152"
    "memorysetup-job-temp-allocator-block-size-background=1048576"
    "memorysetup-job-temp-allocator-reduction-small-platforms=262144"
    "memorysetup-temp-allocator-size-background-worker=32768"
    "memorysetup-temp-allocator-size-job-worker=262144"
    "memorysetup-temp-allocator-size-preload-manager=33554432"
    "memorysetup-temp-allocator-size-nav-mesh-worker=65536"
    "memorysetup-temp-allocator-size-audio-worker=65536"
    "memorysetup-temp-allocator-size-cloud-worker=32768"
    "memorysetup-temp-allocator-size-gi-baking-worker=262144"
    "memorysetup-temp-allocator-size-gfx=262144"
Refreshing native plugins compatible for Editor in 79.26 ms, found 3 plugins.
Preloading 0 native plugins for Editor in 0.00 ms.
Initialize engine version: 2022.1.20f1 (01d83b40d570)
[Subsystems] Discovering subsystems at path E:/Unity/2022.1.20f1/Editor/Data/Resources/UnitySubsystems
[Subsystems] Discovering subsystems at path E:/GitProject/Journey-to-Wellness/Journey to Wellness/Assets
GfxDevice: creating device client; threaded=0; jobified=0
Direct3D:
    Version:  Direct3D 11.0 [level 11.1]
    Renderer: NVIDIA GeForce RTX 3060 Laptop GPU (ID=0x2560)
    Vendor:   NVIDIA
    VRAM:     6023 MB
    Driver:   30.0.15.1236
Initialize mono
Mono path[0] = 'E:/Unity/2022.1.20f1/Editor/Data/Managed'
Mono path[1] = 'E:/Unity/2022.1.20f1/Editor/Data/MonoBleedingEdge/lib/mono/unityjit-win32'
Mono config path = 'E:/Unity/2022.1.20f1/Editor/Data/MonoBleedingEdge/etc'
Using monoOptions --debugger-agent=transport=dt_socket,embedding=1,server=y,suspend=n,address=127.0.0.1:56780
Begin MonoManager ReloadAssembly
Registering precompiled unity dll's ...
Register platform support module: E:/Unity/2022.1.20f1/Editor/Data/PlaybackEngines/WebGLSupport/UnityEditor.WebGL.Extensions.dll
Register platform support module: E:/Unity/2022.1.20f1/Editor/Data/PlaybackEngines/WindowsStandaloneSupport/UnityEditor.WindowsStandalone.Extensions.dll
Register platform support module: E:/Unity/2022.1.20f1/Editor/Data/PlaybackEngines/MetroSupport/UnityEditor.UWP.Extensions.dll
Registered in 0.002264 seconds.
Native extension for UWP target not found
Native extension for WindowsStandalone target not found
Native extension for WebGL target not found
Refreshing native plugins compatible for Editor in 75.71 ms, found 3 plugins.
Preloading 0 native plugins for Editor in 0.00 ms.
Mono: successfully reloaded assembly
- Completed reload, in  0.591 seconds
Domain Reload Profiling:
	ReloadAssembly (591ms)
		BeginReloadAssembly (79ms)
			ExecutionOrderSort (0ms)
			DisableScriptedObjects (0ms)
			BackupInstance (0ms)
			ReleaseScriptingObjects (0ms)
			CreateAndSetChildDomain (1ms)
		EndReloadAssembly (423ms)
			LoadAssemblies (79ms)
			RebuildTransferFunctionScriptingTraits (0ms)
			SetupTypeCache (96ms)
				TypeCache.Initialize (95ms)
					TypeCache.ScanAssembly (94ms)
				ResolveRequiredComponents (1ms)
			ReleaseScriptCaches (0ms)
			RebuildScriptCaches (25ms)
			SetupLoadedEditorAssemblies (257ms)
				LogAssemblyErrors (0ms)
				InitializePlatformSupportModulesInManaged (7ms)
				SetLoadedEditorAssemblies (7ms)
				RefreshPlugins (76ms)
				BeforeProcessingInitializeOnLoad (1ms)
				ProcessInitializeOnLoadAttributes (122ms)
				ProcessInitializeOnLoadMethodAttributes (44ms)
				AfterProcessingInitializeOnLoad (0ms)
				EditorAssembliesLoaded (0ms)
			ExecutionOrderSort2 (0ms)
			AwakeInstancesAfterBackupRestoration (0ms)
Platform modules already initialized, skipping
Registering precompiled user dll's ...
Registered in 0.004575 seconds.
Begin MonoManager ReloadAssembly
Symbol file LoadedFromMemory doesn't match image E:\GitProject\Journey-to-Wellness\Journey to Wellness\Library\PackageCache\com.unity.visualscripting@1.7.8\Editor\VisualScripting.Core\Dependencies\YamlDotNet\Unity.VisualScripting.YamlDotNet.dll
Symbol file LoadedFromMemory doesn't match image E:\GitProject\Journey-to-Wellness\Journey to Wellness\Library\PackageCache\com.unity.visualscripting@1.7.8\Editor\VisualScripting.Core\Dependencies\DotNetZip\Unity.VisualScripting.IonicZip.dll
Native extension for UWP target not found
Native extension for WindowsStandalone target not found
Native extension for WebGL target not found
Refreshing native plugins compatible for Editor in 0.77 ms, found 3 plugins.
Preloading 0 native plugins for Editor in 0.00 ms.
Mono: successfully reloaded assembly
- Completed reload, in  0.973 seconds
Domain Reload Profiling:
	ReloadAssembly (974ms)
		BeginReloadAssembly (108ms)
			ExecutionOrderSort (0ms)
			DisableScriptedObjects (5ms)
			BackupInstance (0ms)
			ReleaseScriptingObjects (0ms)
			CreateAndSetChildDomain (20ms)
		EndReloadAssembly (778ms)
			LoadAssemblies (82ms)
			RebuildTransferFunctionScriptingTraits (0ms)
			SetupTypeCache (228ms)
				TypeCache.Initialize (225ms)
					TypeCache.ScanAssembly (221ms)
				ResolveRequiredComponents (3ms)
			ReleaseScriptCaches (1ms)
			RebuildScriptCaches (50ms)
			SetupLoadedEditorAssemblies (382ms)
				LogAssemblyErrors (0ms)
				InitializePlatformSupportModulesInManaged (5ms)
				SetLoadedEditorAssemblies (7ms)
				RefreshPlugins (1ms)
				BeforeProcessingInitializeOnLoad (69ms)
				ProcessInitializeOnLoadAttributes (271ms)
				ProcessInitializeOnLoadMethodAttributes (27ms)
				AfterProcessingInitializeOnLoad (2ms)
				EditorAssembliesLoaded (0ms)
			ExecutionOrderSort2 (0ms)
			AwakeInstancesAfterBackupRestoration (8ms)
Platform modules already initialized, skipping
========================================================================
Worker process is ready to serve import requests
Launched and connected shader compiler UnityShaderCompiler.exe after 0.08 seconds
Refreshing native plugins compatible for Editor in 0.67 ms, found 3 plugins.
Preloading 0 native plugins for Editor in 0.00 ms.
Unloading 3458 Unused Serialized files (Serialized files now loaded: 0)
Unloading 26 unused Assets / (59.4 KB). Loaded Objects now: 3944.
Memory consumption went from 0.54 GB to 0.54 GB.
Total: 2.944300 ms (FindLiveObjects: 0.244000 ms CreateObjectMapping: 0.094200 ms MarkObjects: 2.519600 ms  DeleteObjects: 0.084600 ms)

AssetImportParameters requested are different than current active one (requested -> active):
  custom:video-decoder-ogg-theora: a1e56fd34408186e4bbccfd4996cb3dc -> 
  custom:container-muxer-webm: aa71ff27fc2769a1b78a27578f13a17b -> 
  custom:container-demuxer-webm: 4f35f7cbe854078d1ac9338744f61a02 -> 
  custom:video-encoder-webm-vp8: eb34c28f22e8b96e1ab97ce403110664 -> 
  custom:video-codec-MediaFoundation-h265: 746d11721c4dcdbdad8f713fa42b33f4 -> 
  custom:audio-encoder-webm-vorbis: bf7c407c2cedff20999df2af8eb42d56 -> 
  custom:framework-win-MediaFoundation: 216162199b28c13a410421893ffa2e32 -> 
  custom:container-demuxer-ogg: 62fdf1f143b41e24485cea50d1cbac27 -> 
  custom:video-decoder-webm-vp8: 9c59270c3fd7afecdb556c50c9e8de78 -> 
  custom:audio-decoder-ogg-vorbis: bf7c407c2cedff20999df2af8eb42d56 -> 
========================================================================
Received Import Request.
  Time since last request: 225533.437059 seconds.
  path: Assets/TextMesh Pro/Resources/Fonts & Materials/LiberationSans SDF.asset
  artifactKey: Guid(8f586378b4e144a9851e7b34d9b748ee) Importer(815301076,1909f56bfc062723c751e8b465ee728b)
Start importing Assets/TextMesh Pro/Resources/Fonts & Materials/LiberationSans SDF.asset using Guid(8f586378b4e144a9851e7b34d9b748ee) Importer(815301076,1909f56bfc062723c751e8b465ee728b)  -> (artifact id: 'e302d052eb5e44c8c0d21c2e8bdede1a') in 0.166789 seconds 
========================================================================
Received Import Request.
  Time since last request: 457.230533 seconds.
  path: Assets/GUI_Parts/Fantasy Wooden GUI  Free
  artifactKey: Guid(0b735e2c76734504cb0971073de090af) Importer(815301076,1909f56bfc062723c751e8b465ee728b)
Start importing Assets/GUI_Parts/Fantasy Wooden GUI  Free using Guid(0b735e2c76734504cb0971073de090af) Importer(815301076,1909f56bfc062723c751e8b465ee728b)  -> (artifact id: 'e7fe2c717ff706f42c6916db072bb228') in 0.002131 seconds 
========================================================================
Received Import Request.
  Time since last request: 0.739542 seconds.
  path: Assets/GUI_Parts/Fantasy Wooden GUI  Free/normal_ui_set A
  artifactKey: Guid(fb0793ba43ead8c4a89d62e19ce3e04e) Importer(815301076,1909f56bfc062723c751e8b465ee728b)
Start importing Assets/GUI_Parts/Fantasy Wooden GUI  Free/normal_ui_set A using Guid(fb0793ba43ead8c4a89d62e19ce3e04e) Importer(815301076,1909f56bfc062723c751e8b465ee728b)  -> (artifact id: '4e979967dbee7690ec754ced39fe929a') in 0.001662 seconds 
========================================================================
Received Import Request.
  Time since last request: 0.059827 seconds.
  path: Assets/GUI_Parts/Fantasy Wooden GUI  Free/normal_ui_set A/1_normal_ui_set free.psd
  artifactKey: Guid(1ab331a196bae1046b7a75ed7e3f6b46) Importer(815301076,1909f56bfc062723c751e8b465ee728b)
Start importing Assets/GUI_Parts/Fantasy Wooden GUI  Free/normal_ui_set A/1_normal_ui_set free.psd using Guid(1ab331a196bae1046b7a75ed7e3f6b46) Importer(815301076,1909f56bfc062723c751e8b465ee728b)  -> (artifact id: '66b9116c29f84335a2490ec82046a3c1') in 0.195365 seconds 
========================================================================
Received Import Request.
  Time since last request: 0.000036 seconds.
  path: Assets/GUI_Parts/Fantasy Wooden GUI  Free/normal_ui_set A/UI board Small Set.png
  artifactKey: Guid(8eb69fafe4f719b49bb2dd1a7358aaaa) Importer(815301076,1909f56bfc062723c751e8b465ee728b)
Start importing Assets/GUI_Parts/Fantasy Wooden GUI  Free/normal_ui_set A/UI board Small Set.png using Guid(8eb69fafe4f719b49bb2dd1a7358aaaa) Importer(815301076,1909f56bfc062723c751e8b465ee728b)  -> (artifact id: 'eb499f85b8c2a3de06e275215a3f4031') in 0.074426 seconds 
========================================================================
Received Import Request.
  Time since last request: 0.000030 seconds.
  path: Assets/GUI_Parts/Fantasy Wooden GUI  Free/normal_ui_set A/TextBTN_Cancel_Pressed.png
  artifactKey: Guid(9494e936ef153d148aaddfa6db5fb773) Importer(815301076,1909f56bfc062723c751e8b465ee728b)
Start importing Assets/GUI_Parts/Fantasy Wooden GUI  Free/normal_ui_set A/TextBTN_Cancel_Pressed.png using Guid(9494e936ef153d148aaddfa6db5fb773) Importer(815301076,1909f56bfc062723c751e8b465ee728b)  -> (artifact id: '7c85f554e7f6e87c06463e6268c4e90b') in 0.015593 seconds 
========================================================================
Received Import Request.
  Time since last request: 0.000025 seconds.
  path: Assets/GUI_Parts/Fantasy Wooden GUI  Free/normal_ui_set A/IRONY TITLE  empty.png
  artifactKey: Guid(4d6a99baee23b654f9e4bb672ae0b438) Importer(815301076,1909f56bfc062723c751e8b465ee728b)
Start importing Assets/GUI_Parts/Fantasy Wooden GUI  Free/normal_ui_set A/IRONY TITLE  empty.png using Guid(4d6a99baee23b654f9e4bb672ae0b438) Importer(815301076,1909f56bfc062723c751e8b465ee728b)  -> (artifact id: '3b5be70d87814ef8cd32dfe0749be771') in 0.015444 seconds 
========================================================================
Received Import Request.
  Time since last request: 0.000028 seconds.
  path: Assets/GUI_Parts/Fantasy Wooden GUI  Free/normal_ui_set A/notice.png
  artifactKey: Guid(86adaa715d8969e48975ca3343ddaedd) Importer(815301076,1909f56bfc062723c751e8b465ee728b)
Start importing Assets/GUI_Parts/Fantasy Wooden GUI  Free/normal_ui_set A/notice.png using Guid(86adaa715d8969e48975ca3343ddaedd) Importer(815301076,1909f56bfc062723c751e8b465ee728b)  -> (artifact id: '50c7adba33f8795a0bf45edb3b66dfbf') in 0.014079 seconds 
========================================================================
Received Import Request.
  Time since last request: 0.000033 seconds.
  path: Assets/GUI_Parts/Fantasy Wooden GUI  Free/normal_ui_set A/Exclamation_Yellow.png
  artifactKey: Guid(f26fa8880b3aeef4b8516c82dc12f2a5) Importer(815301076,1909f56bfc062723c751e8b465ee728b)
Start importing Assets/GUI_Parts/Fantasy Wooden GUI  Free/normal_ui_set A/Exclamation_Yellow.png using Guid(f26fa8880b3aeef4b8516c82dc12f2a5) Importer(815301076,1909f56bfc062723c751e8b465ee728b)  -> (artifact id: 'f78b3e9356cffdd6d4d1fead213699b9') in 0.014666 seconds 
========================================================================
Received Import Request.
  Time since last request: 0.000028 seconds.
  path: Assets/GUI_Parts/Fantasy Wooden GUI  Free/normal_ui_set A/TextBTN_Medium_Pressed.png
  artifactKey: Guid(047b929beb10565479851d39b452dfb6) Importer(815301076,1909f56bfc062723c751e8b465ee728b)
Start importing Assets/GUI_Parts/Fantasy Wooden GUI  Free/normal_ui_set A/TextBTN_Medium_Pressed.png using Guid(047b929beb10565479851d39b452dfb6) Importer(815301076,1909f56bfc062723c751e8b465ee728b)  -> (artifact id: 'f8e403d04b3a2cdb1c06f932abd3846c') in 0.014465 seconds 
========================================================================
Received Import Request.
  Time since last request: 0.000021 seconds.
  path: Assets/GUI_Parts/Fantasy Wooden GUI  Free/normal_ui_set A/TextBTN_Cancel.png
  artifactKey: Guid(480144379cc9c7d47a8e19f58b0e6ee3) Importer(815301076,1909f56bfc062723c751e8b465ee728b)
Start importing Assets/GUI_Parts/Fantasy Wooden GUI  Free/normal_ui_set A/TextBTN_Cancel.png using Guid(480144379cc9c7d47a8e19f58b0e6ee3) Importer(815301076,1909f56bfc062723c751e8b465ee728b)  -> (artifact id: '6a5b960d72bd423034700d4f20a236ef') in 0.011665 seconds 
========================================================================
Received Import Request.
  Time since last request: 0.000023 seconds.
  path: Assets/GUI_Parts/Fantasy Wooden GUI  Free/normal_ui_set A/Exclamation_Gray.png
  artifactKey: Guid(f73f68fe6815f5548a6c2a61b9e49add) Importer(815301076,1909f56bfc062723c751e8b465ee728b)
Start importing Assets/GUI_Parts/Fantasy Wooden GUI  Free/normal_ui_set A/Exclamation_Gray.png using Guid(f73f68fe6815f5548a6c2a61b9e49add) Importer(815301076,1909f56bfc062723c751e8b465ee728b)  -> (artifact id: 'b14dd4eb7143f1f2a405f784b037680a') in 0.011621 seconds 
========================================================================
Received Import Request.
  Time since last request: 0.000025 seconds.
  path: Assets/GUI_Parts/Fantasy Wooden GUI  Free/normal_ui_set A/UI board Small  parchment.png
  artifactKey: Guid(a454050719005b444b59a84eaafba779) Importer(815301076,1909f56bfc062723c751e8b465ee728b)
Start importing Assets/GUI_Parts/Fantasy Wooden GUI  Free/normal_ui_set A/UI board Small  parchment.png using Guid(a454050719005b444b59a84eaafba779) Importer(815301076,1909f56bfc062723c751e8b465ee728b)  -> (artifact id: 'd5218265b9e5c5c01bf7fe37f3b8e34a') in 0.029581 seconds 
========================================================================
Received Import Request.
  Time since last request: 0.000029 seconds.
  path: Assets/GUI_Parts/Fantasy Wooden GUI  Free/normal_ui_set A/Division line.png
  artifactKey: Guid(b7d245916891cca47a0144e12a82e086) Importer(815301076,1909f56bfc062723c751e8b465ee728b)
Start importing Assets/GUI_Parts/Fantasy Wooden GUI  Free/normal_ui_set A/Division line.png using Guid(b7d245916891cca47a0144e12a82e086) Importer(815301076,1909f56bfc062723c751e8b465ee728b)  -> (artifact id: 'e636518537ff0e848258c0b35bbaabd9') in 0.012662 seconds 
========================================================================
Received Import Request.
  Time since last request: 0.000027 seconds.
  path: Assets/GUI_Parts/Fantasy Wooden GUI  Free/normal_ui_set A/UI board Medium stone.png
  artifactKey: Guid(9a6560e5bacb40847bb1b879ede354fb) Importer(815301076,1909f56bfc062723c751e8b465ee728b)
Start importing Assets/GUI_Parts/Fantasy Wooden GUI  Free/normal_ui_set A/UI board Medium stone.png using Guid(9a6560e5bacb40847bb1b879ede354fb) Importer(815301076,1909f56bfc062723c751e8b465ee728b)  -> (artifact id: 'd8deca0c2090a9bc5933d8fb629cbedc') in 0.051204 seconds 
========================================================================
Received Import Request.
  Time since last request: 0.000029 seconds.
  path: Assets/GUI_Parts/Fantasy Wooden GUI  Free/normal_ui_set A/TextBTN_New-Start_Pressed.png
  artifactKey: Guid(2e5f47e2f71128f4282c0a4a67288751) Importer(815301076,1909f56bfc062723c751e8b465ee728b)
Start importing Assets/GUI_Parts/Fantasy Wooden GUI  Free/normal_ui_set A/TextBTN_New-Start_Pressed.png using Guid(2e5f47e2f71128f4282c0a4a67288751) Importer(815301076,1909f56bfc062723c751e8b465ee728b)  -> (artifact id: 'ddf3a0c1fb10c20d4902125e77e75328') in 0.013365 seconds 
========================================================================
Received Import Request.
  Time since last request: 0.000039 seconds.
  path: Assets/GUI_Parts/Fantasy Wooden GUI  Free/normal_ui_set A/TextBTN_Medium.png
  artifactKey: Guid(efee20b64d1e73942a29ba61ce3379c3) Importer(815301076,1909f56bfc062723c751e8b465ee728b)
Start importing Assets/GUI_Parts/Fantasy Wooden GUI  Free/normal_ui_set A/TextBTN_Medium.png using Guid(efee20b64d1e73942a29ba61ce3379c3) Importer(815301076,1909f56bfc062723c751e8b465ee728b)  -> (artifact id: 'dcdbec496e54625844224a26daed6a50') in 0.014551 seconds 
========================================================================
Received Import Request.
  Time since last request: 0.000025 seconds.
  path: Assets/GUI_Parts/Fantasy Wooden GUI  Free/normal_ui_set A/UI board Small  stone.png
  artifactKey: Guid(8dd861a6e819de241bca68a36048a6bd) Importer(815301076,1909f56bfc062723c751e8b465ee728b)
Start importing Assets/GUI_Parts/Fantasy Wooden GUI  Free/normal_ui_set A/UI board Small  stone.png using Guid(8dd861a6e819de241bca68a36048a6bd) Importer(815301076,1909f56bfc062723c751e8b465ee728b)  -> (artifact id: '9f6df66bff127fd1d8c475dca76e0d66') in 0.029662 seconds 
Editor requested this worker to shutdown with reason: Scaling down because of idle timeout
AssetImportWorker is now disconnected from the server
Process exiting
Exiting without the bug reporter. Application will terminate with return code 0